<?xml version="1.0" encoding="UTF-8"?>
<!-- Generated by org.testng.reporters.JUnitXMLReporter -->
<testsuite ignored="0" hostname="DESKTOP-L72NU8B" failures="0" tests="3" name="Default test" time="0.125" errors="0" timestamp="2022-05-11T01:20:35 IST">
  <testcase classname="com.crm.contact.ContactTest" name="createContact" time="0.016"/>
  <testcase classname="com.crm.contact.ContactTest" name="deleteContact" time="0.003"/>
  <testcase classname="com.crm.contact.ContactTest" name="modifyContact" time="0.003"/>
</testsuite> <!-- Default test -->
