<?xml version="1.0" encoding="UTF-8"?>
<testng-results ignored="0" total="3" passed="3" failed="0" skipped="0">
  <reporter-output>
  </reporter-output>
  <suite started-at="2022-05-11T01:20:35 IST" name="Default suite" finished-at="2022-05-11T01:20:35 IST" duration-ms="125">
    <groups>
      <group name="regressionTest">
        <method signature="ContactTest.deleteContact()[pri:0, instance:com.crm.contact.ContactTest@696da30b]" name="deleteContact" class="com.crm.contact.ContactTest"/>
        <method signature="ContactTest.modifyContact()[pri:0, instance:com.crm.contact.ContactTest@696da30b]" name="modifyContact" class="com.crm.contact.ContactTest"/>
      </group> <!-- regressionTest -->
      <group name="smokeTest">
        <method signature="ContactTest.createContact()[pri:0, instance:com.crm.contact.ContactTest@696da30b]" name="createContact" class="com.crm.contact.ContactTest"/>
      </group> <!-- smokeTest -->
    </groups>
    <test started-at="2022-05-11T01:20:35 IST" name="Default test" finished-at="2022-05-11T01:20:35 IST" duration-ms="125">
      <class name="com.crm.contact.ContactTest">
        <test-method signature="createContact()[pri:0, instance:com.crm.contact.ContactTest@696da30b]" started-at="2022-05-11T01:20:35 IST" name="createContact" finished-at="2022-05-11T01:20:35 IST" duration-ms="16" status="PASS">
          <reporter-output>
          </reporter-output>
        </test-method> <!-- createContact -->
        <test-method signature="deleteContact()[pri:0, instance:com.crm.contact.ContactTest@696da30b]" started-at="2022-05-11T01:20:35 IST" name="deleteContact" finished-at="2022-05-11T01:20:35 IST" duration-ms="3" status="PASS">
          <reporter-output>
          </reporter-output>
        </test-method> <!-- deleteContact -->
        <test-method signature="modifyContact()[pri:0, instance:com.crm.contact.ContactTest@696da30b]" started-at="2022-05-11T01:20:35 IST" name="modifyContact" finished-at="2022-05-11T01:20:35 IST" duration-ms="3" status="PASS">
          <reporter-output>
          </reporter-output>
        </test-method> <!-- modifyContact -->
      </class> <!-- com.crm.contact.ContactTest -->
    </test> <!-- Default test -->
  </suite> <!-- Default suite -->
</testng-results>
